[07:38:19] [ServerMain/INFO]: [bootstrap] Running Java 21 (OpenJDK 64-Bit Server VM 21.0.7+6-LTS; Microsoft Microsoft-11369942) on Linux 6.8.0-1027-azure (amd64)
[07:38:19] [ServerMain/INFO]: [bootstrap] Loading Paper 1.21.6-47-main@57c202e (2025-06-28T20:15:05Z) for Minecraft 1.21.6
[07:38:19] [ServerMain/INFO]: [PluginInitializerManager] Initializing plugins...
[07:38:24] [ServerMain/INFO]: [PluginInitializerManager] Initialized 8 plugins
[07:38:24] [ServerMain/INFO]: [PluginInitializerManager] Bukkit plugins (8):
 - BetterStructures (1.8.2), Chunky (1.4.40), ClearLag (3.2.2), FastAsyncWorldEdit (2.13.1-SNAPSHOT-1126;fcd65f7), GSit (2.4.2), Geyser-Spigot (2.8.0-SNAPSHOT), WorldGuard (7.0.14+2339-43997ec), floodgate (2.2.4-SNAPSHOT (b116-0e3163c))
[07:38:30] [ServerMain/INFO]: Environment: Environment[sessionHost=https://sessionserver.mojang.com, servicesHost=https://api.minecraftservices.com, name=PROD]
[07:38:36] [ServerMain/INFO]: Loaded 1407 recipes
[07:38:36] [ServerMain/INFO]: Loaded 1579 advancements
[07:38:36] [ServerMain/INFO]: [ca.spottedleaf.dataconverter.minecraft.datatypes.MCTypeRegistry] Initialising converters for DataConverter...
[07:38:37] [ServerMain/INFO]: [ca.spottedleaf.dataconverter.minecraft.datatypes.MCTypeRegistry] Finished initialising converters for DataConverter in 499.4ms
[07:38:37] [Server thread/INFO]: Starting minecraft server version 1.21.6
[07:38:37] [Server thread/INFO]: Loading properties
[07:38:37] [Server thread/INFO]: This server is running Paper version 1.21.6-47-main@57c202e (2025-06-28T20:15:05Z) (Implementing API version 1.21.6-R0.1-SNAPSHOT)
[07:38:37] [Server thread/INFO]: [spark] This server bundles the spark profiler. For more information please visit https://docs.papermc.io/paper/profiling
[07:38:37] [Server thread/INFO]: Server Ping Player Sample Count: 12
[07:38:37] [Server thread/INFO]: Using 4 threads for Netty based IO
[07:38:38] [Server thread/INFO]: [MoonriseCommon] Paper is using 1 worker threads, 1 I/O threads
[07:38:38] [Server thread/INFO]: [ChunkTaskScheduler] Chunk system is using population gen parallelism: true
[07:38:39] [Server thread/INFO]: Default game type: SURVIVAL
[07:38:39] [Server thread/INFO]: Generating keypair
[07:38:39] [Server thread/INFO]: Starting Minecraft server on *:25565
[07:38:39] [Server thread/INFO]: Using epoll channel type
[07:38:39] [Server thread/INFO]: Paper: Using libdeflate (Linux x86_64) compression from Velocity.
[07:38:39] [Server thread/INFO]: Paper: Using OpenSSL 3.x.x (Linux x86_64) cipher from Velocity.
[07:38:40] [Server thread/INFO]: [FastAsyncWorldEdit] Loading server plugin FastAsyncWorldEdit v2.13.1-SNAPSHOT-1126;fcd65f7
[07:38:41] [Server thread/INFO]: Got request to register class com.sk89q.worldedit.bukkit.BukkitServerInterface with WorldEdit [com.sk89q.worldedit.extension.platform.PlatformManager@4e0bb568]
[07:38:41] [Server thread/INFO]: [WorldGuard] Loading server plugin WorldGuard v7.0.14+2339-43997ec
[07:38:41] [Server thread/INFO]: [floodgate] Loading server plugin floodgate v2.2.4-SNAPSHOT (b116-0e3163c)
[07:38:42] [Server thread/WARN]: [floodgate] en_ is not a supported Floodgate language.
[07:38:42] [Server thread/INFO]: [floodgate] Took 688ms to boot Floodgate
[07:38:42] [Server thread/INFO]: [ClearLag] Loading server plugin ClearLag v3.2.2
[07:38:42] [Server thread/INFO]: [Chunky] Loading server plugin Chunky v1.4.40
[07:38:42] [Server thread/INFO]: [GSit] Loading server plugin GSit v2.4.2
[07:38:42] [Server thread/INFO]: [BetterStructures] Loading server plugin BetterStructures v1.8.2
[07:38:42] [Server thread/INFO]: [BetterStructures] MagmaCore v1.13-SNAPSHOT initialized!
[07:38:42] [Server thread/INFO]: [BetterStructures] Registered /logify command
[07:38:42] [Server thread/INFO]: [BetterStructures] WorldGuard is not enabled! WorldGuard is recommended when using the EliteMobs integration.
[07:38:42] [Server thread/INFO]: [Geyser-Spigot] Loading server plugin Geyser-Spigot v2.8.0-SNAPSHOT
[07:38:43] [Server thread/INFO]: [Geyser-Spigot] Loading extensions...
[07:38:43] [Server thread/INFO]: [Geyser-Spigot] Loaded 0 extension(s)
[07:38:43] [Server thread/INFO]: Server permissions file permissions.yml is empty, ignoring it
[07:38:43] [Server thread/INFO]: [FastAsyncWorldEdit] Enabling FastAsyncWorldEdit v2.13.1-SNAPSHOT-1126;fcd65f7
[07:38:43] [Server thread/INFO]: [com.fastasyncworldedit.core.Fawe] LZ4 Compression Binding loaded successfully
[07:38:43] [Server thread/INFO]: [com.fastasyncworldedit.core.Fawe] ZSTD Compression Binding loaded successfully
[07:38:43] [Server thread/INFO]: Registering commands with com.sk89q.worldedit.bukkit.BukkitServerInterface
[07:38:43] [Server thread/INFO]: WEPIF: Using the Bukkit Permissions API.
[07:38:44] [Server thread/INFO]: Using com.sk89q.worldedit.bukkit.adapter.impl.fawe.v1_21_6.PaperweightFaweAdapter as the Bukkit adapter
[07:38:45] [Server thread/WARN]: **** SERVER IS RUNNING IN OFFLINE/INSECURE MODE!
[07:38:45] [Server thread/WARN]: The server will make no attempt to authenticate usernames. Beware.
[07:38:45] [Server thread/WARN]: While this makes the game possible to play without internet access, it also opens up the ability for hackers to connect with any username they choose.
[07:38:45] [Server thread/WARN]: To change this, set "online-mode" to "true" in the server.properties file.
[07:38:45] [Server thread/INFO]: Preparing level "world"
[07:38:46] [ForkJoinPool.commonPool-worker-1/WARN]: [com.fastasyncworldedit.core.util.UpdateNotification] An update for FastAsyncWorldEdit is available. You are 3 build(s) out of date.
You are running build 1126, the latest version is build 1129.
Update at https://ci.athion.net/job/FastAsyncWorldEdit
[07:38:46] [Server thread/INFO]: Preparing start region for dimension minecraft:overworld
[07:38:46] [Server thread/INFO]: Preparing spawn area: 0%
[07:38:47] [Server thread/INFO]: Preparing spawn area: 2%
[07:38:47] [Server thread/INFO]: Preparing spawn area: 2%
[07:38:47] [Server thread/INFO]: Time elapsed: 1115 ms
[07:38:47] [Server thread/INFO]: Preparing start region for dimension minecraft:the_nether
[07:38:47] [Server thread/INFO]: Preparing spawn area: 0%
[07:38:47] [Server thread/INFO]: Time elapsed: 386 ms
[07:38:47] [Server thread/INFO]: Preparing start region for dimension minecraft:the_end
[07:38:47] [Server thread/INFO]: Preparing spawn area: 0%
[07:38:48] [Server thread/INFO]: Time elapsed: 247 ms
[07:38:48] [Server thread/INFO]: [WorldGuard] Enabling WorldGuard v7.0.14+2339-43997ec
[07:38:48] [Server thread/WARN]: [WorldGuard] Could not parse a block/item heading: Unknown block or item name: enchantment_table
[07:38:48] [Server thread/INFO]: [WorldGuard] (world) Blacklist loaded with 3 entries.
[07:38:48] [Server thread/INFO]: [WorldGuard] (world) TNT ignition is PERMITTED.
[07:38:48] [Server thread/INFO]: [WorldGuard] (world) Lighters are PERMITTED.
[07:38:48] [Server thread/INFO]: [WorldGuard] (world) Lava fire is PERMITTED.
[07:38:48] [Server thread/INFO]: [WorldGuard] (world) Fire spread is UNRESTRICTED.
[07:38:48] [Server thread/INFO]: [WorldGuard] Loaded configuration for world 'world'
[07:38:48] [Server thread/WARN]: [WorldGuard] Could not parse a block/item heading: Unknown block or item name: enchantment_table
[07:38:48] [Server thread/INFO]: [WorldGuard] (world_nether) Blacklist loaded with 3 entries.
[07:38:48] [Server thread/INFO]: [WorldGuard] (world_nether) TNT ignition is PERMITTED.
[07:38:48] [Server thread/INFO]: [WorldGuard] (world_nether) Lighters are PERMITTED.
[07:38:48] [Server thread/INFO]: [WorldGuard] (world_nether) Lava fire is PERMITTED.
[07:38:48] [Server thread/INFO]: [WorldGuard] (world_nether) Fire spread is UNRESTRICTED.
[07:38:48] [Server thread/INFO]: [WorldGuard] Loaded configuration for world 'world_nether'
[07:38:48] [Server thread/WARN]: [WorldGuard] Could not parse a block/item heading: Unknown block or item name: enchantment_table
[07:38:48] [Server thread/INFO]: [WorldGuard] (world_the_end) Blacklist loaded with 3 entries.
[07:38:48] [Server thread/INFO]: [WorldGuard] (world_the_end) TNT ignition is PERMITTED.
[07:38:48] [Server thread/INFO]: [WorldGuard] (world_the_end) Lighters are PERMITTED.
[07:38:48] [Server thread/INFO]: [WorldGuard] (world_the_end) Lava fire is PERMITTED.
[07:38:48] [Server thread/INFO]: [WorldGuard] (world_the_end) Fire spread is UNRESTRICTED.
[07:38:48] [Server thread/INFO]: [WorldGuard] Loaded configuration for world 'world_the_end'
[07:38:48] [Server thread/INFO]: [WorldGuard] Loading region data...
[07:38:48] [Server thread/INFO]: [floodgate] Enabling floodgate v2.2.4-SNAPSHOT (b116-0e3163c)
[07:38:49] [Server thread/INFO]: [ClearLag] Enabling ClearLag v3.2.2
[07:38:49] [Server thread/INFO]: [ClearLag] Using version-adapter: LatestVersionAdapter
[07:38:49] [Server thread/INFO]: [ClearLag] Loading modules...
[07:38:49] [Server thread/WARN]: [ClearLag] Clearlag failed to use the internal TPS tracker during initialization. Reverted to estimation... (Index 3 out of bounds for length 3)
[07:38:49] [Server thread/INFO]: [ClearLag] Modules enabed, loading config values
[07:38:49] [Server thread/INFO]: [ClearLag] Modules have been loaded!
[07:38:49] [Server thread/INFO]: [ClearLag] Clearlag is now enabled!
[07:38:49] [Thread-8/WARN]: [ClearLag] Clearlag failed to check for updates - bukkit may be down
[07:38:49] [Thread-8/WARN]: java.lang.ArrayIndexOutOfBoundsException: Index 3 out of bounds for length 3
[07:38:49] [Thread-8/WARN]: 	at Clearlag.jar//me.minebuilders.clearlag.Util.getBukkitVersion(Util.java:105)
[07:38:49] [Thread-8/WARN]: 	at Clearlag.jar//me.minebuilders.clearlag.BukkitUpdater.updateAvailable(BukkitUpdater.java:32)
[07:38:49] [Thread-8/WARN]: 	at Clearlag.jar//me.minebuilders.clearlag.BukkitUpdater.run(BukkitUpdater.java:82)
[07:38:49] [Thread-8/WARN]: 	at java.base/java.lang.Thread.run(Thread.java:1583)
[07:38:49] [Server thread/INFO]: [Chunky] Enabling Chunky v1.4.40
[07:38:49] [Server thread/INFO]: [GSit] Enabling GSit v2.4.2
[07:38:49] [Server thread/INFO]: [WorldGuard] Registering session handler dev.geco.gsit.link.worldguard.RegionFlagHandler
[07:38:49] [Server thread/INFO]: [GSit] The plugin was successfully enabled.
[07:38:49] [Server thread/INFO]: [GSit] Link with WorldGuard successful!
[07:38:49] [Server thread/INFO]: [BetterStructures] Enabling BetterStructures v1.8.2
[07:38:49] [Server thread/INFO]:     ____       __  __            _____ __                  __                      
[07:38:49] [Server thread/INFO]:    / __ )___  / /_/ /____  _____/ ___// /________  _______/ /___  __________  _____
[07:38:49] [Server thread/INFO]:   / __  / _ \/ __/ __/ _ \/ ___/\__ \/ __/ ___/ / / / ___/ __/ / / / ___/ _ \/ ___/
[07:38:49] [Server thread/INFO]:  / /_/ /  __/ /_/ /_/  __/ /   ___/ / /_/ /  / /_/ / /__/ /_/ /_/ / /  /  __(__  ) 
[07:38:49] [Server thread/INFO]: /_____/\___/\__/\__/\___/_/   /____/\__/_/   \__,_/\___/\__/\__,_/_/   \___/____/
[07:38:49] [Server thread/INFO]: [BetterStructures] Initialized version 1.8.2!
[07:38:49] [Server thread/INFO]: [BetterStructures] Supported server version detected: v1_21_R5
[07:38:49] [Server thread/INFO]: [org.reflections.Reflections] Reflections took 74 ms to scan 1 urls, producing 1 keys and 5 values
[07:38:50] [Server thread/INFO]: [org.reflections.Reflections] Reflections took 12 ms to scan 1 urls, producing 1 keys and 29 values
[07:38:50] [Server thread/INFO]: [org.reflections.Reflections] Reflections took 5 ms to scan 1 urls, producing 1 keys and 1 values
[07:38:50] [Server thread/INFO]: [org.reflections.Reflections] Reflections took 73 ms to scan 121 urls, producing 0 keys and 0 values
[07:39:07] [Server thread/WARN]: [BetterStructures] bs_lostcivilizations_free_ruins_end.yml uses EliteMobs bosses but you do not have EliteMobs installed! BetterStructures does not require EliteMobs to work, but if you want cool EliteMobs boss fights you will have to install EliteMobs here: https://www.spigotmc.org/resources/%E2%9A%94elitemobs%E2%9A%94.40090/
[07:39:07] [Server thread/WARN]: [BetterStructures] Since EliteMobs is not installed, bs_lostcivilizations_free_ruins_end.yml will not be used.
[07:39:07] [Server thread/WARN]: [BetterStructures] bs_lostcivilizations_free_mines_end.yml uses EliteMobs bosses but you do not have EliteMobs installed! BetterStructures does not require EliteMobs to work, but if you want cool EliteMobs boss fights you will have to install EliteMobs here: https://www.spigotmc.org/resources/%E2%9A%94elitemobs%E2%9A%94.40090/
[07:39:07] [Server thread/WARN]: [BetterStructures] Since EliteMobs is not installed, bs_lostcivilizations_free_mines_end.yml will not be used.
[07:39:08] [Server thread/INFO]: [org.reflections.Reflections] Reflections took 2 ms to scan 1 urls, producing 1 keys and 8 values
[07:39:08] [Server thread/INFO]: [Geyser-Spigot] Enabling Geyser-Spigot v2.8.0-SNAPSHOT
[07:39:09] [Server thread/INFO]: [spark] Starting background profiler...
[07:39:10] [Server thread/INFO]: [Geyser-Spigot] ******************************************
[07:39:10] [Server thread/INFO]: [Geyser-Spigot] 
[07:39:10] [Server thread/INFO]: [Geyser-Spigot] Loading Geyser version 2.8.0-b867 (git-master-a768be3)
[07:39:10] [Server thread/INFO]: [Geyser-Spigot] 
[07:39:10] [Server thread/INFO]: [Geyser-Spigot] ******************************************
[07:39:14] [epollEventLoopGroup-3-1/INFO]: [Geyser-Spigot] Started Geyser on UDP port 19132
[07:39:14] [Server thread/INFO]: [Geyser-Spigot] Done (4.254s)! Run /geyser help for help!
[07:39:15] [ForkJoinPool.commonPool-worker-3/INFO]: [Geyser-Spigot] There's a new Geyser update available to support Bedrock version 1.21.94. Download it here: https://geysermc.org/download
[07:39:15] [Server thread/INFO]: Done preparing level "world" (29.689s)
[07:39:15] [Server thread/INFO]: Starting GS4 status listener
[07:39:15] [Server thread/INFO]: Thread Query Listener started
[07:39:15] [Query Listener #1/INFO]: Query running on 0.0.0.0:25565
[07:39:15] [Server thread/INFO]: Running delayed init tasks
[07:39:15] [Craft Scheduler Thread - 5 - BetterStructures/INFO]: [BetterStructures] Latest public release is 1.8.2
[07:39:15] [Craft Scheduler Thread - 5 - BetterStructures/INFO]: [BetterStructures] Your version is 1.8.2
[07:39:15] [Craft Scheduler Thread - 5 - BetterStructures/INFO]: [BetterStructures] You are running the latest version!
[07:39:15] [Server thread/INFO]: [com.fastasyncworldedit.bukkit.regions.WorldGuardFeature] Plugin 'WorldGuard' found. Using it now.
[07:39:15] [Server thread/INFO]: [com.fastasyncworldedit.bukkit.FaweBukkit] Attempting to use plugin 'WorldGuard'
[07:39:15] [Server thread/INFO]: [Chunky] No tasks to continue.
[07:39:15] [Server thread/INFO]: Done (57.852s)! For help, type "help"
